This is pdfTeX, Version 3.1415926-1.40.10 (TeX Live 2009/Debian) (format=pdflatex 2011.9.30)  21 JUN 2012 09:43
entering extended mode
 \write18 enabled.
 %&-line parsing enabled.
**report.latex
(./report.latex
LaTeX2e <2009/09/24>
Babel <v3.8l> and hyphenation patterns for english, usenglishmax, dumylang, noh
yphenation, ngerman, german, german-x-2009-06-19, ngerman-x-2009-06-19, ukengli
sh, loaded.
(/usr/share/texmf-texlive/tex/latex/base/report.cls
Document Class: report 2007/10/19 v1.4h Standard LaTeX document class
(/usr/share/texmf-texlive/tex/latex/base/size11.clo
File: size11.clo 2007/10/19 v1.4h Standard LaTeX file (size option)
)
\c@part=\count79
\c@chapter=\count80
\c@section=\count81
\c@subsection=\count82
\c@subsubsection=\count83
\c@paragraph=\count84
\c@subparagraph=\count85
\c@figure=\count86
\c@table=\count87
\abovecaptionskip=\skip41
\belowcaptionskip=\skip42
\bibindent=\dimen102
)
(/usr/share/texmf-texlive/tex/latex/graphics/graphicx.sty
Package: graphicx 1999/02/16 v1.0f Enhanced LaTeX Graphics (DPC,SPQR)

(/usr/share/texmf-texlive/tex/latex/graphics/keyval.sty
Package: keyval 1999/03/16 v1.13 key=value parser (DPC)
\KV@toks@=\toks14
)
(/usr/share/texmf-texlive/tex/latex/graphics/graphics.sty
Package: graphics 2009/02/05 v1.0o Standard LaTeX Graphics (DPC,SPQR)

(/usr/share/texmf-texlive/tex/latex/graphics/trig.sty
Package: trig 1999/03/16 v1.09 sin cos tan (DPC)
)
(/etc/texmf/tex/latex/config/graphics.cfg
File: graphics.cfg 2009/08/28 v1.8 graphics configuration of TeX Live
)
Package graphics Info: Driver file: pdftex.def on input line 91.

(/usr/share/texmf-texlive/tex/latex/pdftex-def/pdftex.def
File: pdftex.def 2010/03/12 v0.04p Graphics/color for pdfTeX
\Gread@gobject=\count88
))
\Gin@req@height=\dimen103
\Gin@req@width=\dimen104
)
(/usr/share/texmf-texlive/tex/latex/geometry/geometry.sty
Package: geometry 2008/12/21 v4.2 Page Geometry

(/usr/share/texmf-texlive/tex/generic/oberdiek/ifpdf.sty
Package: ifpdf 2009/04/10 v2.0 Provides the ifpdf switch (HO)
Package ifpdf Info: pdfTeX in pdf mode detected.
)
(/usr/share/texmf-texlive/tex/generic/oberdiek/ifvtex.sty
Package: ifvtex 2008/11/04 v1.4 Switches for detecting VTeX and its modes (HO)
Package ifvtex Info: VTeX not detected.
)
\Gm@cnth=\count89
\Gm@cntv=\count90
\c@Gm@tempcnt=\count91
\Gm@bindingoffset=\dimen105
\Gm@wd@mp=\dimen106
\Gm@odd@mp=\dimen107
\Gm@even@mp=\dimen108
\Gm@dimlist=\toks15

(/usr/share/texmf-texlive/tex/xelatex/xetexconfig/geometry.cfg))
(/usr/share/texmf-texlive/tex/latex/caption/caption.sty
Package: caption 2009/10/09 v3.1k Customizing captions (AR)

(/usr/share/texmf-texlive/tex/latex/caption/caption3.sty
Package: caption3 2009/10/09 v3.1k caption3 kernel (AR)
\captionmargin=\dimen109
\captionmargin@=\dimen110
\captionwidth=\dimen111
\caption@indent=\dimen112
\caption@parindent=\dimen113
\caption@hangindent=\dimen114
)
\c@ContinuedFloat=\count92
)
(/usr/share/texmf-texlive/tex/latex/caption/subcaption.sty
Package: subcaption 2008/08/31 v1.0b Adding subcaptions (AR)
\c@subfigure=\count93
\c@subtable=\count94
)
(/usr/share/texmf-texlive/tex/latex/amsfonts/amsfonts.sty
Package: amsfonts 2009/06/22 v3.00 Basic AMSFonts support
\@emptytoks=\toks16
\symAMSa=\mathgroup4
\symAMSb=\mathgroup5
LaTeX Font Info:    Overwriting math alphabet `\mathfrak' in version `bold'
(Font)                  U/euf/m/n --> U/euf/b/n on input line 96.
)
(/usr/share/texmf-texlive/tex/latex/graphics/color.sty
Package: color 2005/11/14 v1.0j Standard LaTeX Color (DPC)

(/etc/texmf/tex/latex/config/color.cfg
File: color.cfg 2007/01/18 v1.5 color configuration of teTeX/TeXLive
)
Package color Info: Driver file: pdftex.def on input line 130.
)
(/usr/share/texmf-texlive/tex/latex/tools/tabularx.sty
Package: tabularx 1999/01/07 v2.07 `tabularx' package (DPC)

(/usr/share/texmf-texlive/tex/latex/tools/array.sty
Package: array 2008/09/09 v2.4c Tabular extension package (FMi)
\col@sep=\dimen115
\extrarowheight=\dimen116
\NC@list=\toks17
\extratabsurround=\skip43
\backup@length=\skip44
)
\TX@col@width=\dimen117
\TX@old@table=\dimen118
\TX@old@col=\dimen119
\TX@target=\dimen120
\TX@delta=\dimen121
\TX@cols=\count95
\TX@ftn=\toks18
)
(/usr/share/texmf/tex/latex/pgf/frontendlayer/tikz.sty
(/usr/share/texmf/tex/latex/pgf/basiclayer/pgf.sty
(/usr/share/texmf/tex/latex/pgf/utilities/pgfrcs.sty
(/usr/share/texmf/tex/generic/pgf/utilities/pgfutil-common.tex
\pgfutil@everybye=\toks19
)
(/usr/share/texmf/tex/generic/pgf/utilities/pgfutil-latex.def)
(/usr/share/texmf/tex/generic/pgf/utilities/pgfrcs.code.tex
Package: pgfrcs 2008/02/20 v2.00 (rcs-revision 1.21)
))
Package: pgf 2008/01/15 v2.00 (rcs-revision 1.12)

(/usr/share/texmf/tex/latex/pgf/basiclayer/pgfcore.sty
(/usr/share/texmf/tex/latex/pgf/systemlayer/pgfsys.sty
(/usr/share/texmf/tex/generic/pgf/systemlayer/pgfsys.code.tex
Package: pgfsys 2008/02/07 v2.00 (rcs-revision 1.31)

(/usr/share/texmf/tex/generic/pgf/utilities/pgfkeys.code.tex
\pgfkeys@pathtoks=\toks20
\pgfkeys@temptoks=\toks21
)
\pgf@x=\dimen122
\pgf@y=\dimen123
\pgf@xa=\dimen124
\pgf@ya=\dimen125
\pgf@xb=\dimen126
\pgf@yb=\dimen127
\pgf@xc=\dimen128
\pgf@yc=\dimen129
\c@pgf@counta=\count96
\c@pgf@countb=\count97
\c@pgf@countc=\count98
\c@pgf@countd=\count99

(/usr/share/texmf/tex/generic/pgf/systemlayer/pgf.cfg
File: pgf.cfg 2008/01/13  (rcs-revision 1.6)
)
Package pgfsys Info: Driver file for pgf: pgfsys-pdftex.def on input line 885.

(/usr/share/texmf/tex/generic/pgf/systemlayer/pgfsys-pdftex.def
File: pgfsys-pdftex.def 2007/12/20  (rcs-revision 1.20)

(/usr/share/texmf/tex/generic/pgf/systemlayer/pgfsys-common-pdf.def
File: pgfsys-common-pdf.def 2007/12/17  (rcs-revision 1.8)
)))
(/usr/share/texmf/tex/generic/pgf/systemlayer/pgfsyssoftpath.code.tex
File: pgfsyssoftpath.code.tex 2008/01/23  (rcs-revision 1.6)
\pgfsyssoftpath@smallbuffer@items=\count100
\pgfsyssoftpath@bigbuffer@items=\count101
)
(/usr/share/texmf/tex/generic/pgf/systemlayer/pgfsysprotocol.code.tex
File: pgfsysprotocol.code.tex 2006/10/16  (rcs-revision 1.4)
))
(/usr/share/texmf/tex/latex/xcolor/xcolor.sty
Package: xcolor 2007/01/21 v2.11 LaTeX color extensions (UK)

(/etc/texmf/tex/latex/config/color.cfg
File: color.cfg 2007/01/18 v1.5 color configuration of teTeX/TeXLive
)
Package xcolor Info: Driver file: pdftex.def on input line 225.
LaTeX Info: Redefining \color on input line 702.
Package xcolor Info: Model `cmy' substituted by `cmy0' on input line 1337.
Package xcolor Info: Model `hsb' substituted by `rgb' on input line 1341.
Package xcolor Info: Model `RGB' extended on input line 1353.
Package xcolor Info: Model `HTML' substituted by `rgb' on input line 1355.
Package xcolor Info: Model `Hsb' substituted by `hsb' on input line 1356.
Package xcolor Info: Model `tHsb' substituted by `hsb' on input line 1357.
Package xcolor Info: Model `HSB' substituted by `hsb' on input line 1358.
Package xcolor Info: Model `Gray' substituted by `gray' on input line 1359.
Package xcolor Info: Model `wave' substituted by `hsb' on input line 1360.
)
(/usr/share/texmf/tex/generic/pgf/basiclayer/pgfcore.code.tex
Package: pgfcore 2008/01/15 v2.00 (rcs-revision 1.6)

(/usr/share/texmf/tex/generic/pgf/math/pgfmath.code.tex
(/usr/share/texmf/tex/generic/pgf/math/pgfmathcalc.code.tex
(/usr/share/texmf/tex/generic/pgf/math/pgfmathutil.code.tex
\pgfmath@box=\box26
)
(/usr/share/texmf/tex/generic/pgf/math/pgfmathparser.code.tex
\pgfmath@stack=\toks22
\c@pgfmath@parsecounta=\count102
\c@pgfmath@parsecountb=\count103
\c@pgfmath@parsecountc=\count104
\pgfmath@parsex=\dimen130
)
(/usr/share/texmf/tex/generic/pgf/math/pgfmathoperations.code.tex
(/usr/share/texmf/tex/generic/pgf/math/pgfmathtrig.code.tex)
(/usr/share/texmf/tex/generic/pgf/math/pgfmathrnd.code.tex))
(/usr/share/texmf/tex/generic/pgf/math/pgfmathbase.code.tex)))
(/usr/share/texmf/tex/generic/pgf/basiclayer/pgfcorepoints.code.tex
File: pgfcorepoints.code.tex 2008/02/03  (rcs-revision 1.13)
\pgf@picminx=\dimen131
\pgf@picmaxx=\dimen132
\pgf@picminy=\dimen133
\pgf@picmaxy=\dimen134
\pgf@pathminx=\dimen135
\pgf@pathmaxx=\dimen136
\pgf@pathminy=\dimen137
\pgf@pathmaxy=\dimen138
\pgf@xx=\dimen139
\pgf@xy=\dimen140
\pgf@yx=\dimen141
\pgf@yy=\dimen142
\pgf@zx=\dimen143
\pgf@zy=\dimen144
)
(/usr/share/texmf/tex/generic/pgf/basiclayer/pgfcorepathconstruct.code.tex
File: pgfcorepathconstruct.code.tex 2008/02/13  (rcs-revision 1.14)
\pgf@path@lastx=\dimen145
\pgf@path@lasty=\dimen146
)
(/usr/share/texmf/tex/generic/pgf/basiclayer/pgfcorepathusage.code.tex
File: pgfcorepathusage.code.tex 2008/01/23  (rcs-revision 1.11)
\pgf@shorten@end@additional=\dimen147
\pgf@shorten@start@additional=\dimen148
)
(/usr/share/texmf/tex/generic/pgf/basiclayer/pgfcorescopes.code.tex
File: pgfcorescopes.code.tex 2008/01/15  (rcs-revision 1.26)
\pgfpic=\box27
\pgf@hbox=\box28
\pgf@layerbox@main=\box29
\pgf@picture@serial@count=\count105
)
(/usr/share/texmf/tex/generic/pgf/basiclayer/pgfcoregraphicstate.code.tex
File: pgfcoregraphicstate.code.tex 2007/12/12  (rcs-revision 1.8)
\pgflinewidth=\dimen149
)
(/usr/share/texmf/tex/generic/pgf/basiclayer/pgfcoretransformations.code.tex
File: pgfcoretransformations.code.tex 2008/02/04  (rcs-revision 1.10)
\pgf@pt@x=\dimen150
\pgf@pt@y=\dimen151
\pgf@pt@temp=\dimen152
)
(/usr/share/texmf/tex/generic/pgf/basiclayer/pgfcorequick.code.tex
File: pgfcorequick.code.tex 2006/10/11  (rcs-revision 1.2)
)
(/usr/share/texmf/tex/generic/pgf/basiclayer/pgfcoreobjects.code.tex
File: pgfcoreobjects.code.tex 2006/10/11  (rcs-revision 1.2)
)
(/usr/share/texmf/tex/generic/pgf/basiclayer/pgfcorepathprocessing.code.tex
File: pgfcorepathprocessing.code.tex 2008/01/23  (rcs-revision 1.7)
)
(/usr/share/texmf/tex/generic/pgf/basiclayer/pgfcorearrows.code.tex
File: pgfcorearrows.code.tex 2007/06/07  (rcs-revision 1.8)
)
(/usr/share/texmf/tex/generic/pgf/basiclayer/pgfcoreshade.code.tex
File: pgfcoreshade.code.tex 2007/12/10  (rcs-revision 1.9)
\pgf@max=\dimen153
\pgf@sys@shading@range@num=\count106
)
(/usr/share/texmf/tex/generic/pgf/basiclayer/pgfcoreimage.code.tex
File: pgfcoreimage.code.tex 2008/01/15  (rcs-revision 1.1)
\pgfexternal@startupbox=\box30
)
(/usr/share/texmf/tex/generic/pgf/basiclayer/pgfcorelayers.code.tex
File: pgfcorelayers.code.tex 2008/01/15  (rcs-revision 1.1)
)
(/usr/share/texmf/tex/generic/pgf/basiclayer/pgfcoretransparency.code.tex
File: pgfcoretransparency.code.tex 2008/01/17  (rcs-revision 1.2)
)
(/usr/share/texmf/tex/generic/pgf/basiclayer/pgfcorepatterns.code.tex
File: pgfcorepatterns.code.tex 2008/01/15  (rcs-revision 1.1)
)))
(/usr/share/texmf/tex/generic/pgf/modules/pgfmoduleshapes.code.tex
File: pgfmoduleshapes.code.tex 2008/02/13  (rcs-revision 1.4)
\pgfnodeparttextbox=\box31
\toks@savedmacro=\toks23
)
(/usr/share/texmf/tex/generic/pgf/modules/pgfmoduleplot.code.tex
File: pgfmoduleplot.code.tex 2008/01/15  (rcs-revision 1.1)
\pgf@plotwrite=\write3
)
(/usr/share/texmf/tex/latex/pgf/compatibility/pgfcomp-version-0-65.sty
Package: pgfcomp-version-0-65 2007/07/03 v2.00 (rcs-revision 1.7)
\pgf@nodesepstart=\dimen154
\pgf@nodesepend=\dimen155
)
(/usr/share/texmf/tex/latex/pgf/compatibility/pgfcomp-version-1-18.sty
Package: pgfcomp-version-1-18 2007/07/23 v2.00 (rcs-revision 1.1)
))
(/usr/share/texmf/tex/latex/pgf/utilities/pgffor.sty
(/usr/share/texmf/tex/generic/pgf/utilities/pgffor.code.tex
Package: pgffor 2007/11/07 v2.00 (rcs-revision 1.8)
\pgffor@iter=\dimen156
\pgffor@skip=\dimen157
))
(/usr/share/texmf/tex/generic/pgf/frontendlayer/tikz/tikz.code.tex
Package: tikz 2008/02/13 v2.00 (rcs-revision 1.27)

(/usr/share/texmf/tex/generic/pgf/libraries/pgflibraryplothandlers.code.tex
File: pgflibraryplothandlers.code.tex 2007/03/09 v2.00 (rcs-revision 1.9)
\pgf@plot@mark@count=\count107
\pgfplotmarksize=\dimen158
)
\tikz@lastx=\dimen159
\tikz@lasty=\dimen160
\tikz@lastxsaved=\dimen161
\tikz@lastysaved=\dimen162
\tikzleveldistance=\dimen163
\tikzsiblingdistance=\dimen164
\tikz@figbox=\box32
\tikz@tempbox=\box33
\tikztreelevel=\count108
\tikznumberofchildren=\count109
\tikznumberofcurrentchild=\count110
\tikz@fig@count=\count111

(/usr/share/texmf/tex/generic/pgf/modules/pgfmodulematrix.code.tex
File: pgfmodulematrix.code.tex 2008/01/15  (rcs-revision 1.1)
\pgfmatrixcurrentrow=\count112
\pgfmatrixcurrentcolumn=\count113
\pgf@matrix@numberofcolumns=\count114
)
\tikz@expandcount=\count115

(/usr/share/texmf/tex/generic/pgf/frontendlayer/tikz/libraries/tikzlibrarytopat
hs.code.tex
File: tikzlibrarytopaths.code.tex 2008/01/09 v2.00 (rcs-revision 1.1)
))) (/usr/share/texmf-texlive/tex/latex/float/float.sty
Package: float 2001/11/08 v1.3d Float enhancements (AL)
\c@float@type=\count116
\float@exts=\toks24
\float@box=\box34
\@float@everytoks=\toks25
\@floatcapt=\box35
)
(/usr/share/texmf-texlive/tex/latex/algorithmicx/algpseudocode.sty
Package: algpseudocode 

(/usr/share/texmf-texlive/tex/latex/base/ifthen.sty
Package: ifthen 2001/05/26 v1.1c Standard LaTeX ifthen package (DPC)
)
(/usr/share/texmf-texlive/tex/latex/algorithmicx/algorithmicx.sty
Package: algorithmicx 2005/04/27 v1.2 Algorithmicx

Document Style algorithmicx 1.2 - a greatly improved `algorithmic' style
\c@ALG@line=\count117
\c@ALG@rem=\count118
\c@ALG@nested=\count119
\ALG@tlm=\skip45
\ALG@thistlm=\skip46
\c@ALG@Lnr=\count120
\c@ALG@blocknr=\count121
\c@ALG@storecount=\count122
\c@ALG@tmpcounter=\count123
\ALG@tmplength=\skip47
)
Document Style - pseudocode environments for use with the `algorithmicx' style
)
(/usr/share/texmf/tex/generic/pgf/frontendlayer/tikz/libraries/tikzlibraryarrow
s.code.tex
File: tikzlibraryarrows.code.tex 2008/01/09 v2.00 (rcs-revision 1.1)

(/usr/share/texmf/tex/generic/pgf/libraries/pgflibraryarrows.code.tex
File: pgflibraryarrows.code.tex 2007/06/07 v2.00 (rcs-revision 1.7)
))
(/usr/share/texmf/tex/generic/pgf/frontendlayer/tikz/libraries/tikzlibrarycalc.
code.tex
File: tikzlibrarycalc.code.tex 2008/02/04 v2.00 (rcs-revision 1.5)
)
(/usr/share/texmf/tex/generic/pgf/frontendlayer/tikz/libraries/tikzlibrarymatri
x.code.tex
File: tikzlibrarymatrix.code.tex 2008/01/09 v2.00 (rcs-revision 1.1)
)
(/usr/share/texmf/tex/generic/pgf/frontendlayer/tikz/libraries/tikzlibraryshape
s.code.tex
File: tikzlibraryshapes.code.tex 2008/01/09 v2.00 (rcs-revision 1.1)

(/usr/share/texmf/tex/generic/pgf/frontendlayer/tikz/libraries/tikzlibraryshape
s.geometric.code.tex
File: tikzlibraryshapes.geometric.code.tex 2008/01/09 v2.00 (rcs-revision 1.1)

(/usr/share/texmf/tex/generic/pgf/libraries/pgflibraryshapes.geometric.code.tex
File: pgflibraryshapes.geometric.code.tex 2008/02/01 v2.00 (rcs-revision 1.22)
))
(/usr/share/texmf/tex/generic/pgf/frontendlayer/tikz/libraries/tikzlibraryshape
s.misc.code.tex
File: tikzlibraryshapes.misc.code.tex 2008/01/09 v2.00 (rcs-revision 1.1)

(/usr/share/texmf/tex/generic/pgf/libraries/pgflibraryshapes.misc.code.tex
File: pgflibraryshapes.misc.code.tex 2008/02/12 v2.00 (rcs-revision 1.10)
))
(/usr/share/texmf/tex/generic/pgf/frontendlayer/tikz/libraries/tikzlibraryshape
s.symbols.code.tex
File: tikzlibraryshapes.symbols.code.tex 2008/01/09 v2.00 (rcs-revision 1.1)

(/usr/share/texmf/tex/generic/pgf/libraries/pgflibraryshapes.symbols.code.tex
File: pgflibraryshapes.symbols.code.tex 2008/01/30 v2.00 (rcs-revision 1.13)
))
(/usr/share/texmf/tex/generic/pgf/frontendlayer/tikz/libraries/tikzlibraryshape
s.arrows.code.tex
File: tikzlibraryshapes.arrows.code.tex 2008/01/09 v2.00 (rcs-revision 1.1)

(/usr/share/texmf/tex/generic/pgf/libraries/pgflibraryshapes.arrows.code.tex
File: pgflibraryshapes.arrows.code.tex 2007/11/10 v2.00 (rcs-revision 1.3)
))
(/usr/share/texmf/tex/generic/pgf/frontendlayer/tikz/libraries/tikzlibraryshape
s.callouts.code.tex
(/usr/share/texmf/tex/generic/pgf/libraries/pgflibraryshapes.callouts.code.tex)
)
(/usr/share/texmf/tex/generic/pgf/frontendlayer/tikz/libraries/tikzlibraryshape
s.multipart.code.tex
File: tikzlibraryshapes.multipart.code.tex 2008/01/09 v2.00 (rcs-revision 1.1)

(/usr/share/texmf/tex/generic/pgf/libraries/pgflibraryshapes.multipart.code.tex
File: pgflibraryshapes.multipart.code.tex 2008/01/15 v2.00 (rcs-revision 1.7)
\pgfnodepartlowerbox=\box36
\pgfnodepartsecondbox=\box37
\pgfnodepartthirdbox=\box38
\pgfnodepartfourthbox=\box39
)))
(/usr/share/texmf/tex/generic/pgf/frontendlayer/tikz/libraries/tikzlibrarysnake
s.code.tex
File: tikzlibrarysnakes.code.tex 2008/02/05 v2.00 (rcs-revision 1.6)


Package tikz Warning: Snakes have been superseded by decorations. Please use th
e decoration libraries instead of the snakes library on input line 14.


(/usr/share/texmf/tex/generic/pgf/frontendlayer/tikz/libraries/tikzlibrarydecor
ations.pathmorphing.code.tex
(/usr/share/texmf/tex/generic/pgf/frontendlayer/tikz/libraries/tikzlibrarydecor
ations.code.tex
(/usr/share/texmf/tex/generic/pgf/modules/pgfmoduledecorations.code.tex
\pgfdecoratedcompleteddistance=\dimen165
\pgfdecoratedremainingdistance=\dimen166
\pgfdecoratedinputsegmentcompleteddistance=\dimen167
\pgfdecoratedinputsegmentremainingdistance=\dimen168
\pgf@decorate@distancetomove=\dimen169
\pgf@decorate@repeatstate=\count124
\pgfdecorationsegmentamplitude=\dimen170
\pgfdecorationsegmentlength=\dimen171
))
(/usr/share/texmf/tex/generic/pgf/libraries/pgflibrarydecorations.pathmorphing.
code.tex))
(/usr/share/texmf/tex/generic/pgf/frontendlayer/tikz/libraries/tikzlibrarydecor
ations.pathreplacing.code.tex
(/usr/share/texmf/tex/generic/pgf/libraries/pgflibrarydecorations.pathreplacing
.code.tex))
(/usr/share/texmf/tex/generic/pgf/frontendlayer/tikz/libraries/tikzlibrarydecor
ations.shapes.code.tex
(/usr/share/texmf/tex/generic/pgf/libraries/pgflibrarydecorations.shapes.code.t
ex))) (/usr/share/texmf-texlive/tex/latex/carlisle/scalefnt.sty) (./minted.sty
Package: minted 2011/09/17 v1.7 Yet another Pygments shim for LaTeX

(/usr/share/texmf-texlive/tex/latex/fancyvrb/fancyvrb.sty
Package: fancyvrb 2008/02/07

Style option: `fancyvrb' v2.7a, with DG/SPQR fixes, and firstline=lastline fix 
<2008/02/07> (tvz)
\FV@CodeLineNo=\count125
\FV@InFile=\read1
\FV@TabBox=\box40
\c@FancyVerbLine=\count126
\FV@StepNumber=\count127
\FV@OutFile=\write4
) (/usr/share/texmf-texlive/tex/latex/tools/calc.sty
Package: calc 2007/08/22 v4.3 Infix arithmetic (KKT,FJ)
\calc@Acount=\count128
\calc@Bcount=\count129
\calc@Adimen=\dimen172
\calc@Bdimen=\dimen173
\calc@Askip=\skip48
\calc@Bskip=\skip49
LaTeX Info: Redefining \setlength on input line 76.
LaTeX Info: Redefining \addtolength on input line 77.
\calc@Ccount=\count130
\calc@Cskip=\skip50
)
(/usr/share/texmf-texlive/tex/latex/ifplatform/ifplatform.sty
Package: ifplatform 2009/09/10 v0.3a Testing for the operating system

(/usr/share/texmf-texlive/tex/generic/oberdiek/pdftexcmds.sty
Package: pdftexcmds 2009/09/23 v0.6 LuaTeX support for pdfTeX utility functions
 (HO)

(/usr/share/texmf-texlive/tex/generic/oberdiek/infwarerr.sty
Package: infwarerr 2007/09/09 v1.2 Providing info/warning/message (HO)
)
(/usr/share/texmf-texlive/tex/generic/oberdiek/ifluatex.sty
Package: ifluatex 2009/04/17 v1.2 Provides the ifluatex switch (HO)
Package ifluatex Info: LuaTeX not detected.
)
(/usr/share/texmf-texlive/tex/generic/oberdiek/ltxcmds.sty
Package: ltxcmds 2009/08/05 v1.0 Some LaTeX kernel commands for general use (HO
)
)
Package pdftexcmds Info: LuaTeX not detected.
Package pdftexcmds Info: \pdf@primitive is available.
Package pdftexcmds Info: \pdf@ifprimitive is available.
)
(/usr/share/texmf-texlive/tex/generic/oberdiek/catchfile.sty
Package: catchfile 2007/11/11 v1.2 Catches the contents of a file (HO)
)
runsystem(uname -s > "report.w18")...executed.

 (./report.w18)
runsystem(rm -- "report.w18")...executed.

)
\minted@bgbox=\box41
\minted@code=\write5
\@float@every@listing=\toks26
\c@listing=\count131
)
runsystem(which pygmentize && touch report.aex)...executed.

runsystem(rm report.aex)...executed.


(/usr/share/texmf-texlive/tex/latex/amsmath/amsmath.sty
Package: amsmath 2000/07/18 v2.13 AMS math features
\@mathmargin=\skip51

For additional information on amsmath, use the `?' option.
(/usr/share/texmf-texlive/tex/latex/amsmath/amstext.sty
Package: amstext 2000/06/29 v2.01

(/usr/share/texmf-texlive/tex/latex/amsmath/amsgen.sty
File: amsgen.sty 1999/11/30 v2.0
\@emptytoks=\toks27
\ex@=\dimen174
))
(/usr/share/texmf-texlive/tex/latex/amsmath/amsbsy.sty
Package: amsbsy 1999/11/29 v1.2d
\pmbraise@=\dimen175
)
(/usr/share/texmf-texlive/tex/latex/amsmath/amsopn.sty
Package: amsopn 1999/12/14 v2.01 operator names
)
\inf@bad=\count132
LaTeX Info: Redefining \frac on input line 211.
\uproot@=\count133
\leftroot@=\count134
LaTeX Info: Redefining \overline on input line 307.
\classnum@=\count135
\DOTSCASE@=\count136
LaTeX Info: Redefining \ldots on input line 379.
LaTeX Info: Redefining \dots on input line 382.
LaTeX Info: Redefining \cdots on input line 467.
\Mathstrutbox@=\box42
\strutbox@=\box43
\big@size=\dimen176
LaTeX Font Info:    Redeclaring font encoding OML on input line 567.
LaTeX Font Info:    Redeclaring font encoding OMS on input line 568.
\macc@depth=\count137
\c@MaxMatrixCols=\count138
\dotsspace@=\muskip10
\c@parentequation=\count139
\dspbrk@lvl=\count140
\tag@help=\toks28
\row@=\count141
\column@=\count142
\maxfields@=\count143
\andhelp@=\toks29
\eqnshift@=\dimen177
\alignsep@=\dimen178
\tagshift@=\dimen179
\tagwidth@=\dimen180
\totwidth@=\dimen181
\lineht@=\dimen182
\@envbody=\toks30
\multlinegap=\skip52
\multlinetaggap=\skip53
\mathdisplay@stack=\toks31
LaTeX Info: Redefining \[ on input line 2666.
LaTeX Info: Redefining \] on input line 2667.
)
(/usr/share/texmf-texlive/tex/latex/hyperref/hyperref.sty
Package: hyperref 2009/10/09 v6.79a Hypertext links for LaTeX

(/usr/share/texmf-texlive/tex/generic/ifxetex/ifxetex.sty
Package: ifxetex 2009/01/23 v0.5 Provides ifxetex conditional
)
(/usr/share/texmf-texlive/tex/latex/oberdiek/hycolor.sty
Package: hycolor 2009/10/02 v1.5 Code for color options of hyperref/bookmark (H
O)

(/usr/share/texmf-texlive/tex/latex/oberdiek/xcolor-patch.sty
Package: xcolor-patch 2009/10/02 xcolor patch
))
\@linkdim=\dimen183
\Hy@linkcounter=\count144
\Hy@pagecounter=\count145

(/usr/share/texmf-texlive/tex/latex/hyperref/pd1enc.def
File: pd1enc.def 2009/10/09 v6.79a Hyperref: PDFDocEncoding definition (HO)
)
(/usr/share/texmf-texlive/tex/generic/oberdiek/etexcmds.sty
Package: etexcmds 2007/12/12 v1.2 Prefix for e-TeX command names (HO)
Package etexcmds Info: Could not find \expanded.
(etexcmds)             That can mean that you are not using pdfTeX 1.50 or
(etexcmds)             that some package has redefined \expanded.
(etexcmds)             In the latter case, load this package earlier.
)
(/usr/share/texmf-texlive/tex/latex/latexconfig/hyperref.cfg
File: hyperref.cfg 2002/06/06 v1.2 hyperref configuration of TeXLive
)
(/usr/share/texmf-texlive/tex/latex/oberdiek/kvoptions.sty
Package: kvoptions 2009/08/13 v3.4 Keyval support for LaTeX options (HO)

(/usr/share/texmf-texlive/tex/generic/oberdiek/kvsetkeys.sty
Package: kvsetkeys 2009/07/30 v1.5 Key value parser with default handler suppor
t (HO)
))
Package hyperref Info: Option `linktocpage' set `true' on input line 2864.
Package hyperref Info: Hyper figures OFF on input line 2975.
Package hyperref Info: Link nesting OFF on input line 2980.
Package hyperref Info: Hyper index ON on input line 2983.
Package hyperref Info: Plain pages OFF on input line 2990.
Package hyperref Info: Backreferencing OFF on input line 2995.

Implicit mode ON; LaTeX internals redefined
Package hyperref Info: Bookmarks ON on input line 3191.
(/vol/lab/tex/inputs/url.sty
Package: url 1999/03/02  ver 1.4  Verb mode for urls, email addresses, and file
 names
)
LaTeX Info: Redefining \url on input line 3428.

(/usr/share/texmf-texlive/tex/generic/oberdiek/bitset.sty
Package: bitset 2007/09/28 v1.0 Data type bit set (HO)

(/usr/share/texmf-texlive/tex/generic/oberdiek/intcalc.sty
Package: intcalc 2007/09/27 v1.1 Expandable integer calculations (HO)
)
(/usr/share/texmf-texlive/tex/generic/oberdiek/bigintcalc.sty
Package: bigintcalc 2007/11/11 v1.1 Expandable big integer calculations (HO)
))
\Fld@menulength=\count146
\Field@Width=\dimen184
\Fld@charsize=\dimen185
\Field@toks=\toks32
Package hyperref Info: Hyper figures OFF on input line 4377.
Package hyperref Info: Link nesting OFF on input line 4382.
Package hyperref Info: Hyper index ON on input line 4385.
Package hyperref Info: backreferencing OFF on input line 4392.
Package hyperref Info: Link coloring OFF on input line 4397.
Package hyperref Info: Link coloring with OCG OFF on input line 4402.
Package hyperref Info: PDF/A mode OFF on input line 4407.

(/usr/share/texmf-texlive/tex/generic/oberdiek/atbegshi.sty
Package: atbegshi 2008/07/31 v1.9 At begin shipout hook (HO)
)
\Hy@abspage=\count147
\c@Item=\count148
)
*hyperref using default driver hpdftex*
(/usr/share/texmf-texlive/tex/latex/hyperref/hpdftex.def
File: hpdftex.def 2009/10/09 v6.79a Hyperref driver for pdfTeX
\Fld@listcount=\count149
) (./report.aux

LaTeX Warning: Label `tab:Airfoil_timesCPU' multiply defined.

)
\openout1 = `report.aux'.

LaTeX Font Info:    Checking defaults for OML/cmm/m/it on input line 26.
LaTeX Font Info:    ... okay on input line 26.
LaTeX Font Info:    Checking defaults for T1/cmr/m/n on input line 26.
LaTeX Font Info:    ... okay on input line 26.
LaTeX Font Info:    Checking defaults for OT1/cmr/m/n on input line 26.
LaTeX Font Info:    ... okay on input line 26.
LaTeX Font Info:    Checking defaults for OMS/cmsy/m/n on input line 26.
LaTeX Font Info:    ... okay on input line 26.
LaTeX Font Info:    Checking defaults for OMX/cmex/m/n on input line 26.
LaTeX Font Info:    ... okay on input line 26.
LaTeX Font Info:    Checking defaults for U/cmr/m/n on input line 26.
LaTeX Font Info:    ... okay on input line 26.
LaTeX Font Info:    Checking defaults for PD1/pdf/m/n on input line 26.
LaTeX Font Info:    ... okay on input line 26.
 (/usr/share/texmf-texlive/tex/context/base/supp-pdf.mkii
[Loading MPS to PDF converter (version 2006.09.02).]
\scratchcounter=\count150
\scratchdimen=\dimen186
\scratchbox=\box44
\nofMPsegments=\count151
\nofMParguments=\count152
\everyMPshowfont=\toks33
\MPscratchCnt=\count153
\MPscratchDim=\dimen187
\MPnumerator=\count154
\everyMPtoPDFconversion=\toks34
)
*geometry auto-detecting driver*
*geometry detected driver: pdftex*
-------------------- Geometry parameters
paper: class default
landscape: --
twocolumn: --
twoside: --
asymmetric: --
h-parts: 108.405pt, 397.485pt, 108.405pt
v-parts: 108.405pt, 578.15999pt, 108.405pt
hmarginratio: --
vmarginratio: --
lines: --
heightrounded: --
bindingoffset: 0.0pt
truedimen: --
includehead: --
includefoot: --
includemp: --
driver: pdftex
-------------------- Page layout dimensions and switches
\paperwidth  614.295pt
\paperheight 794.96999pt
\textwidth  397.485pt
\textheight 578.15999pt
\oddsidemargin  36.13501pt
\evensidemargin 36.13501pt
\topmargin  -0.86499pt
\headheight 12.0pt
\headsep    25.0pt
\footskip   30.0pt
\marginparwidth 59.0pt
\marginparsep   10.0pt
\columnsep  10.0pt
\skip\footins  10.0pt plus 4.0pt minus 2.0pt
\hoffset 0.0pt
\voffset 0.0pt
\mag 1000

(1in=72.27pt, 1cm=28.45pt)
-----------------------
Package caption Info: Begin \AtBeginDocument code.
Package caption Info: float package is loaded.
Package caption Info: hyperref package is loaded.
Package caption Info: End \AtBeginDocument code.
runsystem(pygmentize -S default -f latex > report.pyg)...executed.

(./report.pyg)
Package hyperref Info: Link coloring OFF on input line 26.
 (/usr/share/texmf-texlive/tex/latex/hyperref/nameref.sty
Package: nameref 2007/05/29 v2.31 Cross-referencing by name of section

(/usr/share/texmf-texlive/tex/latex/oberdiek/refcount.sty
Package: refcount 2008/08/11 v3.1 Data extraction from references (HO)
)
\c@section@level=\count155
)
LaTeX Info: Redefining \ref on input line 26.
LaTeX Info: Redefining \pageref on input line 26.
 (./report.out)
(./report.out)
\@outlinefile=\write6
\openout6 = `report.out'.

\AtBeginShipoutBox=\box45


LaTeX Font Warning: Font shape `OT1/cmr/m/n' in size <1.09506> not available
(Font)              size <5> substituted on input line 51.


LaTeX Font Warning: Font shape `OT1/cmr/m/it' in size <1.09506> not available
(Font)              size <5> substituted on input line 88.

LaTeX Font Info:    Calculating math sizes for size <1.09506> on input line 95.


LaTeX Font Warning: Font shape `OT1/cmr/m/n' in size <0.76653> not available
(Font)              size <5> substituted on input line 95.


LaTeX Font Warning: Font shape `OT1/cmr/m/n' in size <0.54753> not available
(Font)              size <5> substituted on input line 95.


LaTeX Font Warning: Font shape `OML/cmm/m/it' in size <1.09506> not available
(Font)              size <5> substituted on input line 95.


LaTeX Font Warning: Font shape `OML/cmm/m/it' in size <0.76653> not available
(Font)              size <5> substituted on input line 95.


LaTeX Font Warning: Font shape `OML/cmm/m/it' in size <0.54753> not available
(Font)              size <5> substituted on input line 95.


LaTeX Font Warning: Font shape `OMS/cmsy/m/n' in size <1.09506> not available
(Font)              size <5> substituted on input line 95.


LaTeX Font Warning: Font shape `OMS/cmsy/m/n' in size <0.76653> not available
(Font)              size <5> substituted on input line 95.


LaTeX Font Warning: Font shape `OMS/cmsy/m/n' in size <0.54753> not available
(Font)              size <5> substituted on input line 95.

LaTeX Font Info:    Try loading font information for U+msa on input line 95.
(/usr/share/texmf-texlive/tex/latex/amsfonts/umsa.fd
File: umsa.fd 2009/06/22 v3.00 AMS symbols A
)
LaTeX Font Info:    Try loading font information for U+msb on input line 95.

(/usr/share/texmf-texlive/tex/latex/amsfonts/umsb.fd
File: umsb.fd 2009/06/22 v3.00 AMS symbols B
)
Missing character: There is no ; in font nullfont!
Missing character: There is no ; in font nullfont!
Missing character: There is no ; in font nullfont!
Missing character: There is no ; in font nullfont!
Missing character: There is no ; in font nullfont!
Missing character: There is no ; in font nullfont!
Missing character: There is no ; in font nullfont!
Missing character: There is no ; in font nullfont!
Missing character: There is no ; in font nullfont!
Missing character: There is no ; in font nullfont!
Missing character: There is no ; in font nullfont!
Missing character: There is no ; in font nullfont!
Missing character: There is no ; in font nullfont!
Missing character: There is no ; in font nullfont!
Missing character: There is no ) in font nullfont!
Missing character: There is no ) in font nullfont!
Missing character: There is no ; in font nullfont!
Missing character: There is no ; in font nullfont!
 [1

{/var/lib/texmf/fonts/map/pdftex/updmap/pdftex.map}]pdfTeX warning (ext4): dest
ination with the same identifier (name{page.1}) has been already used, duplicat
e ignored
<to be read again> 
                   \relax 
l.164 \end{abstract}
                     [1]pdfTeX warning (ext4): destination with the same identi
fier (name{page.1}) has been already used, duplicate ignored
<to be read again> 
                   \relax 
l.180 \newpage
               [1] (./report.toc [2

])
\tf@toc=\write7
\openout7 = `report.toc'.

 [3]
Chapter 1.
[4

] <pics/airfoil_mesh.png, id=320, 363.60844pt x 352.31625pt>
File: pics/airfoil_mesh.png Graphic file (type png)

<use pics/airfoil_mesh.png> [5 <./pics/airfoil_mesh.png (PNG copy)>]
<pics/graph_simple.png, id=328, 127.97812pt x 370.38374pt>
File: pics/graph_simple.png Graphic file (type png)

<use pics/graph_simple.png>

LaTeX Warning: `h' float specifier changed to `ht'.

LaTeX Font Info:    Try loading font information for OMS+cmr on input line 286.

(/usr/share/texmf-texlive/tex/latex/base/omscmr.fd
File: omscmr.fd 1999/05/25 v2.5h Standard LaTeX font definitions
)
LaTeX Font Info:    Font shape `OMS/cmr/m/n' in size <10.95> not available
(Font)              Font shape `OMS/cmsy/m/n' tried instead on input line 286.
 [6] [7 <./pics/graph_simple.png (PNG copy)>]
Chapter 2.
[8

] <pics/mesh_small.png, id=348, 621.82312pt x 412.54124pt>
File: pics/mesh_small.png Graphic file (type png)

<use pics/mesh_small.png>
<pics/data_set_ex.png, id=350, 417.56pt x 358.33875pt>
File: pics/data_set_ex.png Graphic file (type png)

<use pics/data_set_ex.png>

LaTeX Warning: `h' float specifier changed to `ht'.

[9 <./pics/mesh_small.png (PNG copy)>]
<pics/coloured_mesh.png, id=359, 207.02344pt x 343.2825pt>
File: pics/coloured_mesh.png Graphic file (type png)

<use pics/coloured_mesh.png> [10 <./pics/data_set_ex.png (PNG copy)>] [11 <./pi
cs/coloured_mesh.png (PNG copy)>]
\openout4 = `report.pyg'.

runsystem(pygmentize -l c -f latex -F tokenmerge            -P linenos -P "verb
options= " -o report.out.pyg report.pyg)...executed.

 (./report.out.pyg
LaTeX Font Info:    Font shape `OT1/cmtt/bx/n' in size <10.95> not available
(Font)              Font shape `OT1/cmtt/m/n' tried instead on input line 2.
)
runsystem(rm report.out.pyg)...executed.

runsystem(rm report.pyg)...executed.

Package hyperref Info: bookmark level for unknown listing defaults to 0 on inpu
t line 476.
 [12]
<pics/airfoil_maps.pdf, id=386, 259.97125pt x 224.84pt>
File: pics/airfoil_maps.pdf Graphic file (type pdf)

<use pics/airfoil_maps.pdf> [13]
\openout4 = `report.pyg'.

runsystem(pygmentize -l c -f latex -F tokenmerge             -P "verboptions= "
 -o report.out.pyg report.pyg)...executed.

 (./report.out.pyg)
runsystem(rm report.out.pyg)...executed.

runsystem(rm report.pyg)...executed.

 [14 <./pics/airfoil_maps.pdf>]
\openout4 = `report.pyg'.

runsystem(pygmentize -l c -f latex -F tokenmerge            -P linenos -P "verb
options= " -o report.out.pyg report.pyg)...executed.

 (./report.out.pyg)
runsystem(rm report.out.pyg)...executed.

runsystem(rm report.pyg)...executed.

 [15]
Overfull \hbox (20.31453pt too wide) in paragraph at lines 585--585
[]\OT1/cmr/bx/n/14.4 Hardware plat-form, Max-eler toolchain and the stream-
 []

[16] <pics/max_toolchain.pdf, id=422, 541.02126pt x 411.5375pt>
File: pics/max_toolchain.pdf Graphic file (type pdf)

<use pics/max_toolchain.pdf> [17 <./pics/max_toolchain.pdf>]
\openout4 = `report.pyg'.

runsystem(pygmentize -l java -f latex -F tokenmerge            -P linenos -P "v
erboptions= " -o report.out.pyg report.pyg)...executed.

 (./report.out.pyg)
runsystem(rm report.out.pyg)...executed.

runsystem(rm report.pyg)...executed.

[18] <pics/MovAvgKernel.png, id=447, 324.46219pt x 350.05782pt>
File: pics/MovAvgKernel.png Graphic file (type png)

<use pics/MovAvgKernel.png>
\openout4 = `report.pyg'.

runsystem(pygmentize -l java -f latex -F tokenmerge            -P linenos -P "v
erboptions= " -o report.out.pyg report.pyg)...executed.

 (./report.out.pyg)
runsystem(rm report.out.pyg)...executed.

runsystem(rm report.pyg)...executed.

 [19 <./pics/MovAvgKernel.png (PNG copy)>] [20]
\openout4 = `report.pyg'.

runsystem(pygmentize -l java -f latex -F tokenmerge             -P "verboptions
= " -o report.out.pyg report.pyg)...executed.

 (./report.out.pyg)
runsystem(rm report.out.pyg)...executed.

runsystem(rm report.pyg)...executed.

\openout4 = `report.pyg'.

runsystem(pygmentize -l c -f latex -F tokenmerge            -P linenos -P "verb
options= " -o report.out.pyg report.pyg)...executed.

 (./report.out.pyg)
runsystem(rm report.out.pyg)...executed.

runsystem(rm report.pyg)...executed.

 [21

] [22] [23] [24]
[25] [26] [27]
Overfull \hbox (4.86423pt too wide) in paragraph at lines 1003--1018
[]\OT1/cmr/m/n/10.95 The ben-e-fits of de-vel-op-ing a per-for-mance model to p
re-dict the achiev-able speedups
 []

[28] [29] [30]
Chapter 3.
[31

] [32] [33]
LaTeX Font Info:    Calculating math sizes for size <9.30756> on input line 117
7.


LaTeX Font Warning: Font shape `OT1/cmr/m/n' in size <6.51526> not available
(Font)              size <7> substituted on input line 1177.


LaTeX Font Warning: Font shape `OML/cmm/m/it' in size <6.51526> not available
(Font)              size <7> substituted on input line 1177.


LaTeX Font Warning: Font shape `OMS/cmsy/m/n' in size <6.51526> not available
(Font)              size <7> substituted on input line 1177.

[34] [35] [36]
Overfull \hbox (12.81282pt too wide) in paragraph at lines 1360--1361
 [] 
 []

[37]
Missing character: There is no ; in font nullfont!
Missing character: There is no ; in font nullfont!
Missing character: There is no ; in font nullfont!
Missing character: There is no ; in font nullfont!
Missing character: There is no ; in font nullfont!
Missing character: There is no ; in font nullfont!
Missing character: There is no ; in font nullfont!
Missing character: There is no ; in font nullfont!
Missing character: There is no ; in font nullfont!
Missing character: There is no ; in font nullfont!
Missing character: There is no ; in font nullfont!
Missing character: There is no ; in font nullfont!
Missing character: There is no ; in font nullfont!
Missing character: There is no ; in font nullfont!
Missing character: There is no ) in font nullfont!
Missing character: There is no ) in font nullfont!
Missing character: There is no ; in font nullfont!
Missing character: There is no ; in font nullfont!

Overfull \hbox (24.77928pt too wide) in paragraph at lines 1457--1461
[][] 
 []

[38]
Overfull \vbox (17.6862pt too high) has occurred while \output is active []


[39] [40] [41]
Overfull \hbox (21.53236pt too wide) in paragraph at lines 1589--1590
[][] 
 []

[42] [43] [44] [45] [46] <graphs/pipelines.pdf, id=660, 361.35pt x 252.945pt>
File: graphs/pipelines.pdf Graphic file (type pdf)

<use graphs/pipelines.pdf> [47]
<graphs/frequencies.pdf, id=669, 361.35pt x 252.945pt>
File: graphs/frequencies.pdf Graphic file (type pdf)

<use graphs/frequencies.pdf> [48 <./graphs/pipelines.pdf>]
<graphs/frequencies_pipelines.pdf, id=683, 505.89pt x 722.7pt>
File: graphs/frequencies_pipelines.pdf Graphic file (type pdf)

<use graphs/frequencies_pipelines.pdf> [49 <./graphs/frequencies.pdf>]
<graphs/freq_pipes3D.pdf, id=696, 361.35pt x 252.945pt>
File: graphs/freq_pipes3D.pdf Graphic file (type pdf)

<use graphs/freq_pipes3D.pdf> [50 <./graphs/frequencies_pipelines.pdf> <./graph
s/freq_pipes3D.pdf>]
<graphs/partition_sizes.pdf, id=713, 361.35pt x 252.945pt>
File: graphs/partition_sizes.pdf Graphic file (type pdf)

<use graphs/partition_sizes.pdf>
<graphs/partition_ratios.pdf, id=714, 361.35pt x 252.945pt>
File: graphs/partition_ratios.pdf Graphic file (type pdf)

<use graphs/partition_ratios.pdf>

LaTeX Warning: `h' float specifier changed to `ht'.

[51 <./graphs/partition_sizes.pdf>] [52 <./graphs/partition_ratios.pdf>]
[53]
Chapter 4.
[54

] [55]
\@float@every@program=\toks35
\c@program=\count156
Package hyperref Info: bookmark level for unknown program defaults to 0 on inpu
t line 1932.
 [56]
Overfull \hbox (12.59038pt too wide) in paragraph at lines 2030--2032
[][] 
 []

[57] [58] [59] [60]
Overfull \hbox (46.27295pt too wide) in paragraph at lines 2160--2258
[]|  [] 
 []

[61] [62] [63] [64] [65]
Underfull \hbox (badness 10000) in paragraph at lines 2391--2391
[]|\OT1/cmr/m/n/10.95 Original
 []


Underfull \hbox (badness 10000) in paragraph at lines 2391--2391
[]|\OT1/cmr/m/n/10.95 cell data from
 []


Underfull \hbox (badness 4752) in paragraph at lines 2391--2391
[]|\OT1/cmr/m/n/10.95 node data from
 []


Underfull \hbox (badness 7486) in paragraph at lines 2391--2391
[]|\OT1/cmr/m/n/10.95 halo node data
 []


Underfull \hbox (badness 10000) in paragraph at lines 2391--2391
[]|\OT1/cmr/m/n/10.95 Edge/address
 []


Underfull \hbox (badness 1527) in paragraph at lines 2391--2391
[]|$\OML/cmm/m/it/10.95 res$ \OT1/cmr/m/n/10.95 cell data to
 []

[66

] [67]
Overfull \hbox (24.16016pt too wide) in paragraph at lines 2435--2479
[]|  [] 
 []

[68] [69] [70]
Overfull \vbox (62.92981pt too high) has occurred while \output is active []


[71]
Underfull \hbox (badness 10000) in paragraph at lines 2628--2628
[]|\OT1/cmr/m/n/10.95 Total avail-
 []

[72] [73] [74]
Chapter 5.
[75

] <graphs/noop_edges.pdf, id=885, 361.35pt x 252.945pt>
File: graphs/noop_edges.pdf Graphic file (type pdf)

<use graphs/noop_edges.pdf>
<graphs/partition_times.pdf, id=887, 361.35pt x 252.945pt>
File: graphs/partition_times.pdf Graphic file (type pdf)

<use graphs/partition_times.pdf> [76 <./graphs/noop_edges.pdf>]
<graphs/noop_model.pdf, id=900, 361.35pt x 252.945pt>
File: graphs/noop_model.pdf Graphic file (type pdf)

<use graphs/noop_model.pdf> [77 <./graphs/partition_times.pdf>] [78 <./graphs/n
oop_model.pdf>] <graphs/noop_model_real.pdf, id=923, 361.35pt x 252.945pt>
File: graphs/noop_model_real.pdf Graphic file (type pdf)

<use graphs/noop_model_real.pdf> [79]
<graphs/freqs_real.pdf, id=930, 361.35pt x 252.945pt>
File: graphs/freqs_real.pdf Graphic file (type pdf)

<use graphs/freqs_real.pdf> [80 <./graphs/noop_model_real.pdf>]
<graphs/180_whost.pdf, id=942, 361.35pt x 252.945pt>
File: graphs/180_whost.pdf Graphic file (type pdf)

<use graphs/180_whost.pdf>

LaTeX Warning: `h' float specifier changed to `ht'.

[81 <./graphs/freqs_real.pdf>]
Underfull \hbox (badness 10000) in paragraph at lines 2880--2880
[]|\OT1/cmr/m/n/10.95 Total avail-
 []


Underfull \hbox (badness 10000) in paragraph at lines 2880--2880
\OT1/cmr/m/n/10.95 pipeline as
 []

[82 <./graphs/180_whost.pdf>] [83]
Chapter 6.
[84

] [85] [86] [87]
Overfull \hbox (12.59305pt too wide) in paragraph at lines 3013--3016
\OT1/cmr/m/n/10.95 http://www.maxeler.com/content/briefings/MaxelerWhitePaperMa
xCompiler.pdf 
 []

Missing character: There is no â in font cmr10!
Missing character: There is no € in font cmr10!
Missing character: There is no ” in font cmr10!
[88

]
Missing character: There is no Ã in font cmr10!
Missing character: There is no ³ in font cmr10!
Missing character: There is no â in font cmr10!
Missing character: There is no € in font cmr10!
Missing character: There is no “ in font cmr10!
 [89] [90]
Appendix A.
\openout4 = `report.pyg'.

runsystem(pygmentize -l c -f latex -F tokenmerge             -P "verboptions= "
 -o report.out.pyg report.pyg)...executed.

(./report.out.pyg)
runsystem(rm report.out.pyg)...executed.

runsystem(rm report.pyg)...executed.

\openout4 = `report.pyg'.

runsystem(pygmentize -l c -f latex -F tokenmerge             -P "verboptions= "
 -o report.out.pyg report.pyg)...executed.

 (./report.out.pyg [91

])
runsystem(rm report.out.pyg)...executed.

runsystem(rm report.pyg)...executed.

\openout4 = `report.pyg'.

runsystem(pygmentize -l c -f latex -F tokenmerge             -P "verboptions= "
 -o report.out.pyg report.pyg)...executed.

 (./report.out.pyg [92])
runsystem(rm report.out.pyg)...executed.

runsystem(rm report.pyg)...executed.

\openout4 = `report.pyg'.

runsystem(pygmentize -l c -f latex -F tokenmerge             -P "verboptions= "
 -o report.out.pyg report.pyg)...executed.


(./report.out.pyg)
runsystem(rm report.out.pyg)...executed.

runsystem(rm report.pyg)...executed.

\openout4 = `report.pyg'.

runsystem(pygmentize -l c -f latex -F tokenmerge             -P "verboptions= "
 -o report.out.pyg report.pyg)...executed.

 (./report.out.pyg)
runsystem(rm report.out.pyg)...executed.

runsystem(rm report.pyg)...executed.

 [93] (./report.lof [94

])
\tf@lof=\write8
\openout8 = `report.lof'.

 [95]
(./report.aux)

LaTeX Font Warning: Size substitutions with differences
(Font)              up to 4.45247pt have occurred.


LaTeX Warning: There were multiply-defined labels.

 ) 
Here is how much of TeX's memory you used:
 17340 strings out of 495000
 311752 string characters out of 1180493
 420151 words of memory out of 3000000
 19841 multiletter control sequences out of 15000+50000
 19775 words of font info for 78 fonts, out of 3000000 for 9000
 36 hyphenation exceptions out of 8191
 47i,16n,68p,858b,927s stack positions out of 5000i,500n,10000p,200000b,50000s
</usr/share/texmf-texlive/fonts/type1/public/amsfonts/cm/cmbx10.pfb></usr/sha
re/texmf-texlive/fonts/type1/public/amsfonts/cm/cmbx12.pfb></usr/share/texmf-te
xlive/fonts/type1/public/amsfonts/cm/cmcsc10.pfb></usr/share/texmf-texlive/font
s/type1/public/amsfonts/cm/cmex10.pfb></usr/share/texmf-texlive/fonts/type1/pub
lic/amsfonts/cm/cmitt10.pfb></usr/share/texmf-texlive/fonts/type1/public/amsfon
ts/cm/cmmi10.pfb></usr/share/texmf-texlive/fonts/type1/public/amsfonts/cm/cmmi5
.pfb></usr/share/texmf-texlive/fonts/type1/public/amsfonts/cm/cmmi6.pfb></usr/s
hare/texmf-texlive/fonts/type1/public/amsfonts/cm/cmmi8.pfb></usr/share/texmf-t
exlive/fonts/type1/public/amsfonts/cm/cmmi9.pfb></usr/share/texmf-texlive/fonts
/type1/public/amsfonts/cm/cmr10.pfb></usr/share/texmf-texlive/fonts/type1/publi
c/amsfonts/cm/cmr12.pfb></usr/share/texmf-texlive/fonts/type1/public/amsfonts/c
m/cmr17.pfb></usr/share/texmf-texlive/fonts/type1/public/amsfonts/cm/cmr5.pfb><
/usr/share/texmf-texlive/fonts/type1/public/amsfonts/cm/cmr6.pfb></usr/share/te
xmf-texlive/fonts/type1/public/amsfonts/cm/cmr8.pfb></usr/share/texmf-texlive/f
onts/type1/public/amsfonts/cm/cmr9.pfb></usr/share/texmf-texlive/fonts/type1/pu
blic/amsfonts/cm/cmsl10.pfb></usr/share/texmf-texlive/fonts/type1/public/amsfon
ts/cm/cmsy10.pfb></usr/share/texmf-texlive/fonts/type1/public/amsfonts/cm/cmsy8
.pfb></usr/share/texmf-texlive/fonts/type1/public/amsfonts/cm/cmti10.pfb></usr/
share/texmf-texlive/fonts/type1/public/amsfonts/cm/cmti7.pfb></usr/share/texmf-
texlive/fonts/type1/public/amsfonts/cm/cmtt10.pfb></usr/share/texmf-texlive/fon
ts/type1/public/amsfonts/symbols/msbm10.pfb>
Output written on report.pdf (97 pages, 985462 bytes).
PDF statistics:
 1194 PDF objects out of 1200 (max. 8388607)
 257 named destinations out of 1000 (max. 500000)
 561 words of extra memory for PDF output out of 10000 (max. 10000000)

